<?xml version="1.0" encoding="UTF-8"?>
<testsuite name="com.goofygoobers.chadchess.ChadchessApplicationTests" tests="1" skipped="0" failures="0" errors="0" timestamp="2023-02-10T00:20:27" hostname="DESKTOP-JGIJTF2" time="0.308">
  <properties/>
  <testcase name="contextLoads()" classname="com.goofygoobers.chadchess.ChadchessApplicationTests" time="0.308"/>
  <system-out><![CDATA[16:20:26.882 [Test worker] DEBUG org.springframework.boot.test.context.SpringBootTestContextBootstrapper - Neither @ContextConfiguration nor @ContextHierarchy found for test class [ChadchessApplicationTests]: using SpringBootContextLoader
16:20:26.886 [Test worker] DEBUG org.springframework.test.context.support.AbstractContextLoader - Could not detect default resource locations for test class [com.goofygoobers.chadchess.ChadchessApplicationTests]: no resource found for suffixes {-context.xml, Context.groovy}.
16:20:26.887 [Test worker] INFO org.springframework.test.context.support.AnnotationConfigContextLoaderUtils - Could not detect default configuration classes for test class [com.goofygoobers.chadchess.ChadchessApplicationTests]: ChadchessApplicationTests does not declare any static, non-private, non-final, nested classes annotated with @Configuration.
16:20:26.904 [Test worker] DEBUG org.springframework.boot.test.context.SpringBootTestContextBootstrapper - Using ContextCustomizers for test class [ChadchessApplicationTests]: [DisableObservabilityContextCustomizer, PropertyMappingContextCustomizer, Customizer, ExcludeFilterContextCustomizer, DuplicateJsonObjectContextCustomizer, MockitoContextCustomizer, TestRestTemplateContextCustomizer]
16:20:26.952 [Test worker] DEBUG org.springframework.context.annotation.ClassPathScanningCandidateComponentProvider - Identified candidate component class: file [C:\Users\vol\Desktop\chad-chess\build\classes\java\main\com\goofygoobers\chadchess\ChadchessApplication.class]
16:20:26.953 [Test worker] INFO org.springframework.boot.test.context.SpringBootTestContextBootstrapper - Found @SpringBootConfiguration com.goofygoobers.chadchess.ChadchessApplication for test class com.goofygoobers.chadchess.ChadchessApplicationTests
16:20:27.027 [Test worker] DEBUG org.springframework.test.context.util.TestContextSpringFactoriesUtils - Skipping candidate TestExecutionListener [org.springframework.test.context.transaction.TransactionalTestExecutionListener] due to a missing dependency. Specify custom TestExecutionListener classes or make the default TestExecutionListener classes and their required dependencies available. Offending class: [org/springframework/transaction/interceptor/TransactionAttributeSource]
16:20:27.029 [Test worker] DEBUG org.springframework.test.context.util.TestContextSpringFactoriesUtils - Skipping candidate TestExecutionListener [org.springframework.test.context.jdbc.SqlScriptsTestExecutionListener] due to a missing dependency. Specify custom TestExecutionListener classes or make the default TestExecutionListener classes and their required dependencies available. Offending class: [org/springframework/transaction/interceptor/TransactionAttribute]
16:20:27.030 [Test worker] DEBUG org.springframework.boot.test.context.SpringBootTestContextBootstrapper - Using TestExecutionListeners for test class [ChadchessApplicationTests]: [ServletTestExecutionListener, DirtiesContextBeforeModesTestExecutionListener, ApplicationEventsTestExecutionListener, MockitoTestExecutionListener, DependencyInjectionTestExecutionListener, DirtiesContextTestExecutionListener, EventPublishingTestExecutionListener, RestDocsTestExecutionListener, MockRestServiceServerResetTestExecutionListener, MockMvcPrintOnlyOnFailureTestExecutionListener, WebDriverTestExecutionListener, MockWebServiceServerTestExecutionListener, ResetMocksTestExecutionListener]
16:20:27.031 [Test worker] DEBUG org.springframework.test.context.support.AbstractDirtiesContextTestExecutionListener - Before test class: class [ChadchessApplicationTests], class annotated with @DirtiesContext [false] with mode [null]

  .   ____          _            __ _ _
 /\\ / ___'_ __ _ _(_)_ __  __ _ \ \ \ \
( ( )\___ | '_ | '_| | '_ \/ _` | \ \ \ \
 \\/  ___)| |_)| | | | | || (_| |  ) ) ) )
  '  |____| .__|_| |_|_| |_\__, | / / / /
 =========|_|==============|___/=/_/_/_/
 :: Spring Boot ::                (v3.0.2)

2023-02-09T16:20:27.228-08:00  INFO 12396 --- [    Test worker] c.g.chadchess.ChadchessApplicationTests  : Starting ChadchessApplicationTests using Java 17.0.2 with PID 12396 (started by vol in C:\Users\vol\Desktop\chad-chess)
2023-02-09T16:20:27.230-08:00  INFO 12396 --- [    Test worker] c.g.chadchess.ChadchessApplicationTests  : No active profile set, falling back to 1 default profile: "default"
2023-02-09T16:20:27.980-08:00  INFO 12396 --- [    Test worker] c.g.chadchess.ChadchessApplicationTests  : Started ChadchessApplicationTests in 0.912 seconds (process running for 1.681)
]]></system-out>
  <system-err><![CDATA[]]></system-err>
</testsuite>
