<?xml version="1.0" encoding="UTF-8"?>
<testsuite name="com.goofygoobers.chadchess.ChadchessApplicationTests" tests="1" skipped="0" failures="0" errors="0" timestamp="2023-02-09T19:03:37" hostname="User" time="0.311">
  <properties/>
  <testcase name="contextLoads()" classname="com.goofygoobers.chadchess.ChadchessApplicationTests" time="0.311"/>
  <system-out><![CDATA[11:03:36.141 [Test worker] DEBUG org.springframework.boot.test.context.SpringBootTestContextBootstrapper - Neither @ContextConfiguration nor @ContextHierarchy found for test class [ChadchessApplicationTests]: using SpringBootContextLoader
11:03:36.150 [Test worker] DEBUG org.springframework.test.context.support.AbstractContextLoader - Could not detect default resource locations for test class [com.goofygoobers.chadchess.ChadchessApplicationTests]: no resource found for suffixes {-context.xml, Context.groovy}.
11:03:36.151 [Test worker] INFO org.springframework.test.context.support.AnnotationConfigContextLoaderUtils - Could not detect default configuration classes for test class [com.goofygoobers.chadchess.ChadchessApplicationTests]: ChadchessApplicationTests does not declare any static, non-private, non-final, nested classes annotated with @Configuration.
11:03:36.177 [Test worker] DEBUG org.springframework.boot.test.context.SpringBootTestContextBootstrapper - Using ContextCustomizers for test class [ChadchessApplicationTests]: [DisableObservabilityContextCustomizer, PropertyMappingContextCustomizer, Customizer, ExcludeFilterContextCustomizer, DuplicateJsonObjectContextCustomizer, MockitoContextCustomizer, TestRestTemplateContextCustomizer]
11:03:36.251 [Test worker] DEBUG org.springframework.context.annotation.ClassPathScanningCandidateComponentProvider - Identified candidate component class: file [/home/garper/Desktop/chad-chess/build/classes/java/main/com/goofygoobers/chadchess/ChadchessApplication.class]
11:03:36.253 [Test worker] INFO org.springframework.boot.test.context.SpringBootTestContextBootstrapper - Found @SpringBootConfiguration com.goofygoobers.chadchess.ChadchessApplication for test class com.goofygoobers.chadchess.ChadchessApplicationTests
11:03:36.343 [Test worker] DEBUG org.springframework.test.context.util.TestContextSpringFactoriesUtils - Skipping candidate TestExecutionListener [org.springframework.test.context.transaction.TransactionalTestExecutionListener] due to a missing dependency. Specify custom TestExecutionListener classes or make the default TestExecutionListener classes and their required dependencies available. Offending class: [org/springframework/transaction/interceptor/TransactionAttributeSource]
11:03:36.345 [Test worker] DEBUG org.springframework.test.context.util.TestContextSpringFactoriesUtils - Skipping candidate TestExecutionListener [org.springframework.test.context.jdbc.SqlScriptsTestExecutionListener] due to a missing dependency. Specify custom TestExecutionListener classes or make the default TestExecutionListener classes and their required dependencies available. Offending class: [org/springframework/transaction/interceptor/TransactionAttribute]
11:03:36.348 [Test worker] DEBUG org.springframework.boot.test.context.SpringBootTestContextBootstrapper - Using TestExecutionListeners for test class [ChadchessApplicationTests]: [ServletTestExecutionListener, DirtiesContextBeforeModesTestExecutionListener, ApplicationEventsTestExecutionListener, MockitoTestExecutionListener, DependencyInjectionTestExecutionListener, DirtiesContextTestExecutionListener, EventPublishingTestExecutionListener, RestDocsTestExecutionListener, MockRestServiceServerResetTestExecutionListener, MockMvcPrintOnlyOnFailureTestExecutionListener, WebDriverTestExecutionListener, MockWebServiceServerTestExecutionListener, ResetMocksTestExecutionListener]
11:03:36.350 [Test worker] DEBUG org.springframework.test.context.support.AbstractDirtiesContextTestExecutionListener - Before test class: class [ChadchessApplicationTests], class annotated with @DirtiesContext [false] with mode [null]

  .   ____          _            __ _ _
 /\\ / ___'_ __ _ _(_)_ __  __ _ \ \ \ \
( ( )\___ | '_ | '_| | '_ \/ _` | \ \ \ \
 \\/  ___)| |_)| | | | | || (_| |  ) ) ) )
  '  |____| .__|_| |_|_| |_\__, | / / / /
 =========|_|==============|___/=/_/_/_/
 :: Spring Boot ::                (v3.0.2)

2023-02-09T11:03:36.643-08:00  INFO 69168 --- [    Test worker] c.g.chadchess.ChadchessApplicationTests  : Starting ChadchessApplicationTests using Java 17.0.5 with PID 69168 (started by garper in /home/garper/Desktop/chad-chess)
2023-02-09T11:03:36.645-08:00  INFO 69168 --- [    Test worker] c.g.chadchess.ChadchessApplicationTests  : No active profile set, falling back to 1 default profile: "default"
2023-02-09T11:03:37.625-08:00  INFO 69168 --- [    Test worker] c.g.chadchess.ChadchessApplicationTests  : Started ChadchessApplicationTests in 1.23 seconds (process running for 2.338)
]]></system-out>
  <system-err><![CDATA[]]></system-err>
</testsuite>
